NOTE: Picked up JDK_JAVA_OPTIONS:  --add-opens=java.base/java.lang=ALL-UNNAMED --add-opens=java.base/java.io=ALL-UNNAMED --add-opens=java.rmi/sun.rmi.transport=ALL-UNNAMED
05-Sep-2023 14:10:02.756 信息 [main] org.apache.catalina.startup.VersionLoggerListener.log Server.服务器版本: Apache Tomcat/9.0.37
05-Sep-2023 14:10:02.761 信息 [main] org.apache.catalina.startup.VersionLoggerListener.log 服务器构建:        Jun 30 2020 20:09:49 UTC
05-Sep-2023 14:10:02.761 信息 [main] org.apache.catalina.startup.VersionLoggerListener.log 服务器版本号(:     9.0.37.0
05-Sep-2023 14:10:02.761 信息 [main] org.apache.catalina.startup.VersionLoggerListener.log 操作系统名称:      Mac OS X
05-Sep-2023 14:10:02.761 信息 [main] org.apache.catalina.startup.VersionLoggerListener.log OS.版本:           10.16
05-Sep-2023 14:10:02.762 信息 [main] org.apache.catalina.startup.VersionLoggerListener.log 架构:              x86_64
05-Sep-2023 14:10:02.762 信息 [main] org.apache.catalina.startup.VersionLoggerListener.log Java 环境变量:     /Library/Java/JavaVirtualMachines/jdk-12.0.2.jdk/Contents/Home
05-Sep-2023 14:10:02.762 信息 [main] org.apache.catalina.startup.VersionLoggerListener.log Java虚拟机版本:    12.0.2+10
05-Sep-2023 14:10:02.762 信息 [main] org.apache.catalina.startup.VersionLoggerListener.log JVM.供应商:        Oracle Corporation
05-Sep-2023 14:10:02.762 信息 [main] org.apache.catalina.startup.VersionLoggerListener.log CATALINA_BASE:     /Users/mac/Desktop/apache-tomcat-9.0.37
05-Sep-2023 14:10:02.762 信息 [main] org.apache.catalina.startup.VersionLoggerListener.log CATALINA_HOME:     /Users/mac/Desktop/apache-tomcat-9.0.37
05-Sep-2023 14:10:02.779 信息 [main] org.apache.catalina.startup.VersionLoggerListener.log 命令行参数：--add-opens=java.base/java.lang=ALL-UNNAMED
05-Sep-2023 14:10:02.779 信息 [main] org.apache.catalina.startup.VersionLoggerListener.log 命令行参数：--add-opens=java.base/java.io=ALL-UNNAMED
05-Sep-2023 14:10:02.779 信息 [main] org.apache.catalina.startup.VersionLoggerListener.log 命令行参数：--add-opens=java.rmi/sun.rmi.transport=ALL-UNNAMED
05-Sep-2023 14:10:02.780 信息 [main] org.apache.catalina.startup.VersionLoggerListener.log 命令行参数：-Djava.util.logging.config.file=/Users/mac/desktop/apache-tomcat-9.0.37/conf/logging.properties
05-Sep-2023 14:10:02.780 信息 [main] org.apache.catalina.startup.VersionLoggerListener.log 命令行参数：-Djava.util.logging.manager=org.apache.juli.ClassLoaderLogManager
05-Sep-2023 14:10:02.780 信息 [main] org.apache.catalina.startup.VersionLoggerListener.log 命令行参数：-Djdk.tls.ephemeralDHKeySize=2048
05-Sep-2023 14:10:02.780 信息 [main] org.apache.catalina.startup.VersionLoggerListener.log 命令行参数：-Djava.protocol.handler.pkgs=org.apache.catalina.webresources
05-Sep-2023 14:10:02.780 信息 [main] org.apache.catalina.startup.VersionLoggerListener.log 命令行参数：-Dorg.apache.catalina.security.SecurityListener.UMASK=0027
05-Sep-2023 14:10:02.780 信息 [main] org.apache.catalina.startup.VersionLoggerListener.log 命令行参数：-Dignore.endorsed.dirs=
05-Sep-2023 14:10:02.780 信息 [main] org.apache.catalina.startup.VersionLoggerListener.log 命令行参数：-Dcatalina.base=/Users/mac/desktop/apache-tomcat-9.0.37
05-Sep-2023 14:10:02.780 信息 [main] org.apache.catalina.startup.VersionLoggerListener.log 命令行参数：-Dcatalina.home=/Users/mac/desktop/apache-tomcat-9.0.37
05-Sep-2023 14:10:02.781 信息 [main] org.apache.catalina.startup.VersionLoggerListener.log 命令行参数：-Djava.io.tmpdir=/Users/mac/desktop/apache-tomcat-9.0.37/temp
05-Sep-2023 14:10:02.781 信息 [main] org.apache.catalina.core.AprLifecycleListener.lifecycleEvent 在java.library.path:[/Users/mac/Library/Java/Extensions:/Library/Java/Extensions:/Network/Library/Java/Extensions:/System/Library/Java/Extensions:/usr/lib/java:.]上找不到基于APR的Apache Tomcat本机库，该库允许在生产环境中获得最佳性能
05-Sep-2023 14:10:03.059 信息 [main] org.apache.coyote.AbstractProtocol.init 初始化协议处理器 ["http-nio-8080"]
05-Sep-2023 14:10:03.091 信息 [main] org.apache.catalina.startup.Catalina.load 服务器在[590]毫秒内初始化
05-Sep-2023 14:10:03.134 信息 [main] org.apache.catalina.core.StandardService.startInternal 正在启动服务[Catalina]
05-Sep-2023 14:10:03.134 信息 [main] org.apache.catalina.core.StandardEngine.startInternal 正在启动 Servlet 引擎：[Apache Tomcat/9.0.37]
05-Sep-2023 14:10:03.142 信息 [main] org.apache.catalina.startup.HostConfig.deployDirectory 把web 应用程序部署到目录 [/Users/mac/Desktop/apache-tomcat-9.0.37/webapps/docs]
05-Sep-2023 14:10:03.377 信息 [main] org.apache.catalina.startup.HostConfig.deployDirectory Web应用程序目录[/Users/mac/Desktop/apache-tomcat-9.0.37/webapps/docs]的部署已在[233]毫秒内完成
05-Sep-2023 14:10:03.378 信息 [main] org.apache.catalina.startup.HostConfig.deployDirectory 把web 应用程序部署到目录 [/Users/mac/Desktop/apache-tomcat-9.0.37/webapps/manager]
05-Sep-2023 14:10:03.410 信息 [main] org.apache.catalina.startup.HostConfig.deployDirectory Web应用程序目录[/Users/mac/Desktop/apache-tomcat-9.0.37/webapps/manager]的部署已在[33]毫秒内完成
05-Sep-2023 14:10:03.410 信息 [main] org.apache.catalina.startup.HostConfig.deployDirectory 把web 应用程序部署到目录 [/Users/mac/Desktop/apache-tomcat-9.0.37/webapps/examples]
05-Sep-2023 14:10:03.630 信息 [main] org.apache.catalina.startup.HostConfig.deployDirectory Web应用程序目录[/Users/mac/Desktop/apache-tomcat-9.0.37/webapps/examples]的部署已在[220]毫秒内完成
05-Sep-2023 14:10:03.631 信息 [main] org.apache.catalina.startup.HostConfig.deployDirectory 把web 应用程序部署到目录 [/Users/mac/Desktop/apache-tomcat-9.0.37/webapps/ROOT]
05-Sep-2023 14:10:03.646 信息 [main] org.apache.catalina.startup.HostConfig.deployDirectory Web应用程序目录[/Users/mac/Desktop/apache-tomcat-9.0.37/webapps/ROOT]的部署已在[15]毫秒内完成
05-Sep-2023 14:10:03.646 信息 [main] org.apache.catalina.startup.HostConfig.deployDirectory 把web 应用程序部署到目录 [/Users/mac/Desktop/apache-tomcat-9.0.37/webapps/host-manager]
05-Sep-2023 14:10:03.663 信息 [main] org.apache.catalina.startup.HostConfig.deployDirectory Web应用程序目录[/Users/mac/Desktop/apache-tomcat-9.0.37/webapps/host-manager]的部署已在[17]毫秒内完成
05-Sep-2023 14:10:03.674 信息 [main] org.apache.coyote.AbstractProtocol.start 开始协议处理句柄["http-nio-8080"]
05-Sep-2023 14:10:03.700 信息 [main] org.apache.catalina.startup.Catalina.start [607]毫秒后服务器启动
05-Sep-2023 14:13:37.473 信息 [main] org.apache.catalina.core.StandardServer.await 通过关闭端口接收到有效的关闭命令。正在停止服务器实例。
05-Sep-2023 14:13:37.473 信息 [main] org.apache.coyote.AbstractProtocol.pause 暂停ProtocolHandler["http-nio-8080"]
05-Sep-2023 14:13:38.672 信息 [main] org.apache.catalina.core.StandardService.stopInternal 正在停止服务[Catalina]
05-Sep-2023 14:13:38.707 信息 [main] org.apache.coyote.AbstractProtocol.stop 正在停止ProtocolHandler ["http-nio-8080"]
05-Sep-2023 14:13:38.709 信息 [main] org.apache.coyote.AbstractProtocol.destroy 正在摧毁协议处理器 ["http-nio-8080"]
